[2026-01-02T02:19:45.390+0000] {local_task_job_runner.py:120} INFO - ::group::Pre task execution logs
[2026-01-02T02:19:45.406+0000] {taskinstance.py:2076} INFO - Dependencies all met for dep_context=non-requeueable deps ti=<TaskInstance: history_price_daily.build_batches scheduled__2025-12-31T08:00:00+00:00 [queued]>
[2026-01-02T02:19:45.417+0000] {taskinstance.py:2076} INFO - Dependencies all met for dep_context=requeueable deps ti=<TaskInstance: history_price_daily.build_batches scheduled__2025-12-31T08:00:00+00:00 [queued]>
[2026-01-02T02:19:45.417+0000] {taskinstance.py:2306} INFO - Starting attempt 2 of 2
[2026-01-02T02:19:45.431+0000] {taskinstance.py:2330} INFO - Executing <Task(_PythonDecoratedOperator): build_batches> on 2025-12-31 08:00:00+00:00
[2026-01-02T02:19:45.438+0000] {warnings.py:112} WARNING - This process (pid=455) is multi-threaded, use of fork() may lead to deadlocks in the child.

[2026-01-02T02:19:45.439+0000] {standard_task_runner.py:64} INFO - Started process 465 to run task
[2026-01-02T02:19:45.441+0000] {standard_task_runner.py:90} INFO - Running: ['***', 'tasks', 'run', 'history_price_daily', 'build_batches', 'scheduled__2025-12-31T08:00:00+00:00', '--job-id', '5096', '--raw', '--subdir', 'DAGS_FOLDER/history_price_daily.py', '--cfg-path', '/tmp/tmpmzax4smr']
[2026-01-02T02:19:45.443+0000] {standard_task_runner.py:91} INFO - Job 5096: Subtask build_batches
[2026-01-02T02:19:45.486+0000] {task_command.py:426} INFO - Running <TaskInstance: history_price_daily.build_batches scheduled__2025-12-31T08:00:00+00:00 [running]> on host dc651514fdbd
[2026-01-02T02:19:45.560+0000] {taskinstance.py:2648} INFO - Exporting env vars: AIRFLOW_CTX_DAG_OWNER='***' AIRFLOW_CTX_DAG_ID='history_price_daily' AIRFLOW_CTX_TASK_ID='build_batches' AIRFLOW_CTX_EXECUTION_DATE='2025-12-31T08:00:00+00:00' AIRFLOW_CTX_TRY_NUMBER='2' AIRFLOW_CTX_DAG_RUN_ID='scheduled__2025-12-31T08:00:00+00:00'
[2026-01-02T02:19:45.561+0000] {taskinstance.py:430} INFO - ::endgroup::
[2026-01-02T02:19:45.563+0000] {taskinstance.py:441} INFO - ::group::Post task execution logs
[2026-01-02T02:19:45.564+0000] {taskinstance.py:2905} ERROR - Task failed with exception
Traceback (most recent call last):
  File "/home/airflow/.local/lib/python3.12/site-packages/airflow/models/taskinstance.py", line 465, in _execute_task
    result = _execute_callable(context=context, **execute_callable_kwargs)
             ^^^^^^^^^^^^^^^^^^^^^^^^^^^^^^^^^^^^^^^^^^^^^^^^^^^^^^^^^^^^^
  File "/home/airflow/.local/lib/python3.12/site-packages/airflow/models/taskinstance.py", line 432, in _execute_callable
    return execute_callable(context=context, **execute_callable_kwargs)
           ^^^^^^^^^^^^^^^^^^^^^^^^^^^^^^^^^^^^^^^^^^^^^^^^^^^^^^^^^^^^
  File "/home/airflow/.local/lib/python3.12/site-packages/airflow/models/baseoperator.py", line 401, in wrapper
    return func(self, *args, **kwargs)
           ^^^^^^^^^^^^^^^^^^^^^^^^^^^
  File "/home/airflow/.local/lib/python3.12/site-packages/airflow/decorators/base.py", line 265, in execute
    return_value = super().execute(context)
                   ^^^^^^^^^^^^^^^^^^^^^^^^
  File "/home/airflow/.local/lib/python3.12/site-packages/airflow/models/baseoperator.py", line 401, in wrapper
    return func(self, *args, **kwargs)
           ^^^^^^^^^^^^^^^^^^^^^^^^^^^
  File "/home/airflow/.local/lib/python3.12/site-packages/airflow/operators/python.py", line 235, in execute
    return_value = self.execute_callable()
                   ^^^^^^^^^^^^^^^^^^^^^^^
  File "/home/airflow/.local/lib/python3.12/site-packages/airflow/operators/python.py", line 252, in execute_callable
    return self.python_callable(*self.op_args, **self.op_kwargs)
           ^^^^^^^^^^^^^^^^^^^^^^^^^^^^^^^^^^^^^^^^^^^^^^^^^^^^^
  File "/opt/airflow/dags/logic/history_price_daily_logic.py", line 20, in build_batches
    from tt_cty_va_bctc.list_macp import get_ticker_batches
ModuleNotFoundError: No module named 'tt_cty_va_bctc'
[2026-01-02T02:19:45.575+0000] {taskinstance.py:1206} INFO - Marking task as FAILED. dag_id=history_price_daily, task_id=build_batches, run_id=scheduled__2025-12-31T08:00:00+00:00, execution_date=20251231T080000, start_date=20260102T021945, end_date=20260102T021945
[2026-01-02T02:19:45.584+0000] {standard_task_runner.py:110} ERROR - Failed to execute job 5096 for task build_batches (No module named 'tt_cty_va_bctc'; 465)
[2026-01-02T02:19:45.614+0000] {local_task_job_runner.py:243} INFO - Task exited with return code 1
[2026-01-02T02:19:45.640+0000] {taskinstance.py:3503} INFO - 0 downstream tasks scheduled from follow-on schedule check
[2026-01-02T02:19:45.643+0000] {local_task_job_runner.py:222} INFO - ::endgroup::
